<?xml version="1.0" encoding="UTF-8"?>
<!-- Generated by org.testng.reporters.JUnitXMLReporter -->
<testsuite ignored="0" hostname="DESKTOP-ELKMKT3" failures="0" tests="5" name="Surefire test" time="0.068" errors="0" timestamp="2023-11-04T08:13:17 IST">
  <testcase classname="cse.UserValidationTest" name="testCase1" time="0.018"/>
  <testcase classname="cse.UserValidationTest" name="testCase2" time="0.001"/>
  <testcase classname="cse.UserValidationTest" name="testCase3" time="0.0"/>
  <testcase classname="cse.UserValidationTest" name="testCase4" time="0.001"/>
  <testcase classname="cse.UserValidationTest" name="testCase5" time="0.0"/>
</testsuite> <!-- Surefire test -->
